[2024-03-30 10:48:08] [ INFO ] [PacienteService:47] Buscando la lista de pacientes
[2024-03-30 10:48:08] [ INFO ] [TurnoService:208] Buscando lista de turnos
[2024-03-30 10:48:08] [ INFO ] [OdontologoService:46] Buscando la lista de Odontólogos
[2024-03-30 10:48:12] [ INFO ] [TurnoService:208] Buscando lista de turnos
[2024-03-30 10:48:12] [ INFO ] [OdontologoService:46] Buscando la lista de Odontólogos
[2024-03-30 10:48:12] [ INFO ] [PacienteService:47] Buscando la lista de pacientes
[2024-03-30 10:48:13] [ INFO ] [OdontologoService:46] Buscando la lista de Odontólogos
[2024-03-30 10:48:18] [ INFO ] [OdontologoService:27] Persistiendo un Odontólogo
[2024-03-30 10:48:18] [ INFO ] [OdontologoService:35] Guardado exitosamente
[2024-03-30 10:48:19] [ INFO ] [OdontologoService:46] Buscando la lista de Odontólogos
[2024-03-30 10:48:21] [ INFO ] [PacienteService:47] Buscando la lista de pacientes
[2024-03-30 10:48:43] [ INFO ] [PacienteService:28] Persistiendo un Paciente
[2024-03-30 10:48:43] [ INFO ] [PacienteService:36] Guardado exitosamente
[2024-03-30 10:48:45] [ INFO ] [PacienteService:47] Buscando la lista de pacientes
[2024-03-30 10:48:50] [ INFO ] [OdontologoService:46] Buscando la lista de Odontólogos
[2024-03-30 10:48:50] [ INFO ] [PacienteService:47] Buscando la lista de pacientes
[2024-03-30 10:48:50] [ INFO ] [TurnoService:208] Buscando lista de turnos
[2024-03-30 10:49:01] [ INFO ] [TurnoController:46] esto trae el turnoRequestDTO: com.dh.ClinicMVC.dto.request.TurnoRequestDTO@d18c17f
[2024-03-30 10:49:01] [ INFO ] [OdontologoService:52] Buscando el Odontólogo con id: 1
[2024-03-30 10:49:01] [ INFO ] [PacienteService:53] Buscando el paciente con id: 1
[2024-03-30 10:49:01] [ INFO ] [TurnoService:43] Persitiendo un Turno
[2024-03-30 10:49:01] [ INFO ] [TurnoService:168] Buscando los turnos con Odontologo id: 1
[2024-03-30 10:49:01] [ INFO ] [TurnoService:89] Turno Persistido
[2024-03-30 10:49:02] [ INFO ] [TurnoService:208] Buscando lista de turnos
[2024-03-30 10:49:02] [ INFO ] [OdontologoService:46] Buscando la lista de Odontólogos
[2024-03-30 10:49:02] [ INFO ] [PacienteService:47] Buscando la lista de pacientes
[2024-03-30 10:51:20] [ INFO ] [TurnoService:125] Buscando el turno con id: 1
[2024-03-30 10:51:22] [ INFO ] [TurnoService:208] Buscando lista de turnos
[2024-03-30 10:51:22] [ INFO ] [PacienteService:47] Buscando la lista de pacientes
[2024-03-30 10:51:22] [ INFO ] [OdontologoService:46] Buscando la lista de Odontólogos
[2024-03-30 10:53:36] [ INFO ] [OdontologoService:46] Buscando la lista de Odontólogos
[2024-03-30 10:53:36] [ INFO ] [PacienteService:47] Buscando la lista de pacientes
[2024-03-30 10:53:36] [ INFO ] [TurnoService:208] Buscando lista de turnos
[2024-03-30 10:53:39] [ INFO ] [TurnoService:208] Buscando lista de turnos
[2024-03-30 10:53:39] [ INFO ] [OdontologoService:46] Buscando la lista de Odontólogos
[2024-03-30 10:53:39] [ INFO ] [PacienteService:47] Buscando la lista de pacientes
[2024-03-30 10:53:40] [ INFO ] [OdontologoService:46] Buscando la lista de Odontólogos
[2024-03-30 10:53:45] [ INFO ] [OdontologoService:27] Persistiendo un Odontólogo
[2024-03-30 10:53:45] [ INFO ] [OdontologoService:35] Guardado exitosamente
[2024-03-30 10:53:46] [ INFO ] [OdontologoService:46] Buscando la lista de Odontólogos
[2024-03-30 10:53:48] [ INFO ] [PacienteService:47] Buscando la lista de pacientes
[2024-03-30 10:54:21] [ INFO ] [PacienteService:28] Persistiendo un Paciente
[2024-03-30 10:54:21] [ INFO ] [PacienteService:36] Guardado exitosamente
[2024-03-30 10:54:22] [ INFO ] [PacienteService:47] Buscando la lista de pacientes
[2024-03-30 10:54:27] [ INFO ] [TurnoService:208] Buscando lista de turnos
[2024-03-30 10:54:27] [ INFO ] [OdontologoService:46] Buscando la lista de Odontólogos
[2024-03-30 10:54:27] [ INFO ] [PacienteService:47] Buscando la lista de pacientes
[2024-03-30 10:54:36] [ INFO ] [TurnoController:46] esto trae el turnoRequestDTO: com.dh.ClinicMVC.dto.request.TurnoRequestDTO@1a4eb2a5
[2024-03-30 10:54:36] [ INFO ] [OdontologoService:52] Buscando el Odontólogo con id: 1
[2024-03-30 10:54:36] [ INFO ] [PacienteService:53] Buscando el paciente con id: 1
[2024-03-30 10:54:36] [ INFO ] [TurnoService:43] Persitiendo un Turno
[2024-03-30 10:54:36] [ INFO ] [TurnoService:168] Buscando los turnos con Odontologo id: 1
[2024-03-30 10:54:36] [ INFO ] [TurnoService:89] Turno Persistido
[2024-03-30 10:54:37] [ INFO ] [TurnoService:208] Buscando lista de turnos
[2024-03-30 10:54:37] [ INFO ] [PacienteService:47] Buscando la lista de pacientes
[2024-03-30 10:54:37] [ INFO ] [OdontologoService:46] Buscando la lista de Odontólogos
[2024-03-30 10:55:15] [ INFO ] [OdontologoService:46] Buscando la lista de Odontólogos
[2024-03-30 10:55:15] [ INFO ] [PacienteService:47] Buscando la lista de pacientes
[2024-03-30 10:55:15] [ INFO ] [TurnoService:208] Buscando lista de turnos
[2024-03-30 10:55:23] [ INFO ] [TurnoService:125] Buscando el turno con id: 1
[2024-03-30 10:55:24] [ INFO ] [PacienteService:47] Buscando la lista de pacientes
[2024-03-30 10:55:24] [ INFO ] [TurnoService:208] Buscando lista de turnos
[2024-03-30 10:55:24] [ INFO ] [OdontologoService:46] Buscando la lista de Odontólogos
[2024-03-30 10:59:40] [ INFO ] [PacienteService:47] Buscando la lista de pacientes
[2024-03-30 10:59:40] [ INFO ] [OdontologoService:46] Buscando la lista de Odontólogos
[2024-03-30 10:59:40] [ INFO ] [TurnoService:208] Buscando lista de turnos
[2024-03-30 10:59:42] [ INFO ] [OdontologoService:46] Buscando la lista de Odontólogos
[2024-03-30 10:59:42] [ INFO ] [PacienteService:47] Buscando la lista de pacientes
[2024-03-30 10:59:42] [ INFO ] [TurnoService:208] Buscando lista de turnos
[2024-03-30 10:59:42] [ INFO ] [OdontologoService:46] Buscando la lista de Odontólogos
[2024-03-30 10:59:43] [ INFO ] [PacienteService:47] Buscando la lista de pacientes
[2024-03-30 10:59:43] [ INFO ] [OdontologoService:46] Buscando la lista de Odontólogos
[2024-03-30 10:59:44] [ INFO ] [PacienteService:47] Buscando la lista de pacientes
[2024-03-30 10:59:44] [ INFO ] [OdontologoService:46] Buscando la lista de Odontólogos
[2024-03-30 10:59:44] [ INFO ] [TurnoService:208] Buscando lista de turnos
[2024-03-30 10:59:45] [ INFO ] [OdontologoService:46] Buscando la lista de Odontólogos
[2024-03-30 10:59:49] [ INFO ] [OdontologoService:27] Persistiendo un Odontólogo
[2024-03-30 10:59:50] [ INFO ] [OdontologoService:35] Guardado exitosamente
[2024-03-30 10:59:50] [ INFO ] [OdontologoService:46] Buscando la lista de Odontólogos
[2024-03-30 10:59:51] [ INFO ] [PacienteService:47] Buscando la lista de pacientes
[2024-03-30 11:00:05] [ INFO ] [PacienteService:28] Persistiendo un Paciente
[2024-03-30 11:00:05] [ INFO ] [PacienteService:36] Guardado exitosamente
[2024-03-30 11:00:07] [ INFO ] [PacienteService:47] Buscando la lista de pacientes
[2024-03-30 11:00:10] [ INFO ] [PacienteService:47] Buscando la lista de pacientes
[2024-03-30 11:00:12] [ INFO ] [TurnoService:208] Buscando lista de turnos
[2024-03-30 11:00:12] [ INFO ] [OdontologoService:46] Buscando la lista de Odontólogos
[2024-03-30 11:00:12] [ INFO ] [PacienteService:47] Buscando la lista de pacientes
[2024-03-30 11:00:20] [ INFO ] [TurnoController:46] esto trae el turnoRequestDTO: com.dh.ClinicMVC.dto.request.TurnoRequestDTO@311a0ee5
[2024-03-30 11:00:20] [ INFO ] [OdontologoService:52] Buscando el Odontólogo con id: 1
[2024-03-30 11:00:20] [ INFO ] [PacienteService:53] Buscando el paciente con id: 1
[2024-03-30 11:00:20] [ INFO ] [TurnoService:43] Persitiendo un Turno
[2024-03-30 11:00:20] [ INFO ] [TurnoService:168] Buscando los turnos con Odontologo id: 1
[2024-03-30 11:00:20] [ INFO ] [TurnoService:89] Turno Persistido
[2024-03-30 11:03:17] [ INFO ] [OdontologoService:46] Buscando la lista de Odontólogos
[2024-03-30 11:03:17] [ INFO ] [PacienteService:47] Buscando la lista de pacientes
[2024-03-30 11:03:17] [ INFO ] [TurnoService:208] Buscando lista de turnos
[2024-03-30 11:03:19] [ INFO ] [TurnoService:208] Buscando lista de turnos
[2024-03-30 11:03:19] [ INFO ] [PacienteService:47] Buscando la lista de pacientes
[2024-03-30 11:03:19] [ INFO ] [OdontologoService:46] Buscando la lista de Odontólogos
[2024-03-30 11:03:26] [ INFO ] [TurnoService:125] Buscando el turno con id: 1
[2024-03-30 11:06:43] [ INFO ] [PacienteService:47] Buscando la lista de pacientes
[2024-03-30 11:06:43] [ INFO ] [OdontologoService:46] Buscando la lista de Odontólogos
[2024-03-30 11:06:43] [ INFO ] [TurnoService:208] Buscando lista de turnos
[2024-03-30 11:06:46] [ INFO ] [OdontologoService:46] Buscando la lista de Odontólogos
[2024-03-30 11:06:50] [ INFO ] [OdontologoService:27] Persistiendo un Odontólogo
[2024-03-30 11:06:50] [ INFO ] [OdontologoService:35] Guardado exitosamente
[2024-03-30 11:06:51] [ INFO ] [OdontologoService:46] Buscando la lista de Odontólogos
[2024-03-30 11:06:52] [ INFO ] [PacienteService:47] Buscando la lista de pacientes
[2024-03-30 11:07:09] [ INFO ] [PacienteService:28] Persistiendo un Paciente
[2024-03-30 11:07:09] [ INFO ] [PacienteService:36] Guardado exitosamente
[2024-03-30 11:07:10] [ INFO ] [PacienteService:47] Buscando la lista de pacientes
[2024-03-30 11:07:12] [ INFO ] [TurnoService:208] Buscando lista de turnos
[2024-03-30 11:07:12] [ INFO ] [PacienteService:47] Buscando la lista de pacientes
[2024-03-30 11:07:12] [ INFO ] [OdontologoService:46] Buscando la lista de Odontólogos
[2024-03-30 11:07:21] [ INFO ] [TurnoController:46] esto trae el turnoRequestDTO: com.dh.ClinicMVC.dto.request.TurnoRequestDTO@5d13dcfa
[2024-03-30 11:07:21] [ INFO ] [OdontologoService:52] Buscando el Odontólogo con id: 1
[2024-03-30 11:07:21] [ INFO ] [PacienteService:53] Buscando el paciente con id: 1
[2024-03-30 11:07:21] [ INFO ] [TurnoService:43] Persitiendo un Turno
[2024-03-30 11:07:21] [ INFO ] [TurnoService:168] Buscando los turnos con Odontologo id: 1
[2024-03-30 11:07:21] [ INFO ] [TurnoService:89] Turno Persistido
[2024-03-30 11:07:25] [ INFO ] [OdontologoService:46] Buscando la lista de Odontólogos
[2024-03-30 11:07:25] [ INFO ] [TurnoService:208] Buscando lista de turnos
[2024-03-30 11:07:25] [ INFO ] [PacienteService:47] Buscando la lista de pacientes
[2024-03-30 11:07:52] [ INFO ] [OdontologoService:46] Buscando la lista de Odontólogos
[2024-03-30 11:07:52] [ INFO ] [TurnoService:208] Buscando lista de turnos
[2024-03-30 11:07:52] [ INFO ] [PacienteService:47] Buscando la lista de pacientes
[2024-03-30 11:09:08] [ INFO ] [TurnoService:125] Buscando el turno con id: 1
[2024-03-30 11:09:11] [ INFO ] [TurnoService:208] Buscando lista de turnos
[2024-03-30 11:09:11] [ INFO ] [PacienteService:47] Buscando la lista de pacientes
[2024-03-30 11:09:11] [ INFO ] [OdontologoService:46] Buscando la lista de Odontólogos
[2024-03-30 11:14:44] [ INFO ] [OdontologoService:46] Buscando la lista de Odontólogos
[2024-03-30 11:14:46] [ INFO ] [OdontologoService:46] Buscando la lista de Odontólogos
[2024-03-30 11:14:46] [ INFO ] [TurnoService:208] Buscando lista de turnos
[2024-03-30 11:14:46] [ INFO ] [PacienteService:47] Buscando la lista de pacientes
[2024-03-30 11:14:47] [ INFO ] [OdontologoService:46] Buscando la lista de Odontólogos
[2024-03-30 11:14:52] [ INFO ] [OdontologoService:27] Persistiendo un Odontólogo
[2024-03-30 11:14:52] [ INFO ] [OdontologoService:35] Guardado exitosamente
[2024-03-30 11:14:53] [ INFO ] [OdontologoService:46] Buscando la lista de Odontólogos
[2024-03-30 11:14:54] [ INFO ] [PacienteService:47] Buscando la lista de pacientes
[2024-03-30 11:15:04] [ INFO ] [PacienteService:28] Persistiendo un Paciente
[2024-03-30 11:15:04] [ INFO ] [PacienteService:36] Guardado exitosamente
[2024-03-30 11:15:05] [ INFO ] [PacienteService:47] Buscando la lista de pacientes
[2024-03-30 11:15:07] [ INFO ] [TurnoService:208] Buscando lista de turnos
[2024-03-30 11:15:07] [ INFO ] [PacienteService:47] Buscando la lista de pacientes
[2024-03-30 11:15:07] [ INFO ] [OdontologoService:46] Buscando la lista de Odontólogos
[2024-03-30 11:15:16] [ INFO ] [TurnoController:46] esto trae el turnoRequestDTO: com.dh.ClinicMVC.dto.request.TurnoRequestDTO@391baa11
[2024-03-30 11:15:16] [ INFO ] [OdontologoService:52] Buscando el Odontólogo con id: 1
[2024-03-30 11:15:16] [ INFO ] [PacienteService:53] Buscando el paciente con id: 1
[2024-03-30 11:15:16] [ INFO ] [TurnoService:43] Persitiendo un Turno
[2024-03-30 11:15:16] [ INFO ] [TurnoService:168] Buscando los turnos con Odontologo id: 1
[2024-03-30 11:15:16] [ INFO ] [TurnoService:89] Turno Persistido
[2024-03-30 11:15:17] [ INFO ] [TurnoService:208] Buscando lista de turnos
[2024-03-30 11:15:17] [ INFO ] [OdontologoService:46] Buscando la lista de Odontólogos
[2024-03-30 11:15:17] [ INFO ] [PacienteService:47] Buscando la lista de pacientes
[2024-03-30 11:15:26] [ INFO ] [TurnoController:46] esto trae el turnoRequestDTO: com.dh.ClinicMVC.dto.request.TurnoRequestDTO@332ebba4
[2024-03-30 11:15:26] [ INFO ] [OdontologoService:52] Buscando el Odontólogo con id: 1
[2024-03-30 11:15:26] [ INFO ] [PacienteService:53] Buscando el paciente con id: 1
[2024-03-30 11:15:26] [ INFO ] [TurnoService:43] Persitiendo un Turno
[2024-03-30 11:15:26] [ INFO ] [TurnoService:168] Buscando los turnos con Odontologo id: 1
[2024-03-30 11:15:26] [ INFO ] [TurnoService:89] Turno Persistido
[2024-03-30 11:15:27] [ INFO ] [PacienteService:47] Buscando la lista de pacientes
[2024-03-30 11:15:27] [ INFO ] [OdontologoService:46] Buscando la lista de Odontólogos
[2024-03-30 11:15:27] [ INFO ] [TurnoService:208] Buscando lista de turnos
[2024-03-30 11:15:30] [ INFO ] [TurnoService:125] Buscando el turno con id: 2
[2024-03-30 11:15:33] [ INFO ] [TurnoService:208] Buscando lista de turnos
[2024-03-30 11:15:33] [ INFO ] [PacienteService:47] Buscando la lista de pacientes
[2024-03-30 11:15:33] [ INFO ] [OdontologoService:46] Buscando la lista de Odontólogos
[2024-03-30 11:22:18] [ INFO ] [OdontologoService:46] Buscando la lista de Odontólogos
[2024-03-30 11:22:24] [ INFO ] [OdontologoService:27] Persistiendo un Odontólogo
[2024-03-30 11:22:24] [ INFO ] [OdontologoService:35] Guardado exitosamente
[2024-03-30 11:22:25] [ INFO ] [OdontologoService:46] Buscando la lista de Odontólogos
[2024-03-30 11:22:26] [ INFO ] [PacienteService:47] Buscando la lista de pacientes
[2024-03-30 11:22:37] [ INFO ] [PacienteService:28] Persistiendo un Paciente
[2024-03-30 11:22:37] [ INFO ] [PacienteService:36] Guardado exitosamente
[2024-03-30 11:22:38] [ INFO ] [PacienteService:47] Buscando la lista de pacientes
[2024-03-30 11:22:41] [ INFO ] [TurnoService:208] Buscando lista de turnos
[2024-03-30 11:22:41] [ INFO ] [OdontologoService:46] Buscando la lista de Odontólogos
[2024-03-30 11:22:41] [ INFO ] [PacienteService:47] Buscando la lista de pacientes
[2024-03-30 11:22:49] [ INFO ] [TurnoController:46] esto trae el turnoRequestDTO: com.dh.ClinicMVC.dto.request.TurnoRequestDTO@130bca85
[2024-03-30 11:22:49] [ INFO ] [OdontologoService:52] Buscando el Odontólogo con id: 1
[2024-03-30 11:22:49] [ INFO ] [PacienteService:53] Buscando el paciente con id: 1
[2024-03-30 11:22:49] [ INFO ] [TurnoService:43] Persitiendo un Turno
[2024-03-30 11:22:49] [ INFO ] [TurnoService:168] Buscando los turnos con Odontologo id: 1
[2024-03-30 11:22:49] [ INFO ] [TurnoService:89] Turno Persistido
[2024-03-30 11:22:50] [ INFO ] [TurnoService:208] Buscando lista de turnos
[2024-03-30 11:22:50] [ INFO ] [PacienteService:47] Buscando la lista de pacientes
[2024-03-30 11:22:50] [ INFO ] [OdontologoService:46] Buscando la lista de Odontólogos
[2024-03-30 11:22:54] [ INFO ] [TurnoService:125] Buscando el turno con id: 1
[2024-03-30 11:22:56] [ INFO ] [TurnoService:208] Buscando lista de turnos
[2024-03-30 11:22:56] [ INFO ] [OdontologoService:46] Buscando la lista de Odontólogos
[2024-03-30 11:22:56] [ INFO ] [PacienteService:47] Buscando la lista de pacientes
[2024-03-30 11:25:06] [ INFO ] [OdontologoService:46] Buscando la lista de Odontólogos
[2024-03-30 11:25:06] [ INFO ] [PacienteService:47] Buscando la lista de pacientes
[2024-03-30 11:25:06] [ INFO ] [TurnoService:208] Buscando lista de turnos
[2024-03-30 11:25:07] [ INFO ] [TurnoService:208] Buscando lista de turnos
[2024-03-30 11:25:07] [ INFO ] [OdontologoService:46] Buscando la lista de Odontólogos
[2024-03-30 11:25:07] [ INFO ] [PacienteService:47] Buscando la lista de pacientes
[2024-03-30 11:25:10] [ INFO ] [TurnoService:208] Buscando lista de turnos
[2024-03-30 11:25:10] [ INFO ] [OdontologoService:46] Buscando la lista de Odontólogos
[2024-03-30 11:25:10] [ INFO ] [PacienteService:47] Buscando la lista de pacientes
[2024-03-30 11:25:11] [ INFO ] [OdontologoService:46] Buscando la lista de Odontólogos
[2024-03-30 11:25:16] [ INFO ] [OdontologoService:27] Persistiendo un Odontólogo
[2024-03-30 11:25:16] [ INFO ] [OdontologoService:35] Guardado exitosamente
[2024-03-30 11:25:17] [ INFO ] [OdontologoService:46] Buscando la lista de Odontólogos
[2024-03-30 11:25:18] [ INFO ] [PacienteService:47] Buscando la lista de pacientes
[2024-03-30 11:25:26] [ INFO ] [PacienteService:28] Persistiendo un Paciente
[2024-03-30 11:25:26] [ INFO ] [PacienteService:36] Guardado exitosamente
[2024-03-30 11:25:27] [ INFO ] [PacienteService:47] Buscando la lista de pacientes
[2024-03-30 11:25:33] [ INFO ] [TurnoService:208] Buscando lista de turnos
[2024-03-30 11:25:33] [ INFO ] [PacienteService:47] Buscando la lista de pacientes
[2024-03-30 11:25:33] [ INFO ] [OdontologoService:46] Buscando la lista de Odontólogos
[2024-03-30 11:25:41] [ INFO ] [TurnoController:46] esto trae el turnoRequestDTO: com.dh.ClinicMVC.dto.request.TurnoRequestDTO@52615a0b
[2024-03-30 11:25:41] [ INFO ] [OdontologoService:52] Buscando el Odontólogo con id: 1
[2024-03-30 11:25:41] [ INFO ] [PacienteService:53] Buscando el paciente con id: 1
[2024-03-30 11:25:41] [ INFO ] [TurnoService:43] Persitiendo un Turno
[2024-03-30 11:25:41] [ INFO ] [TurnoService:168] Buscando los turnos con Odontologo id: 1
[2024-03-30 11:25:41] [ INFO ] [TurnoService:89] Turno Persistido
[2024-03-30 11:25:42] [ INFO ] [TurnoService:208] Buscando lista de turnos
[2024-03-30 11:25:42] [ INFO ] [OdontologoService:46] Buscando la lista de Odontólogos
[2024-03-30 11:25:42] [ INFO ] [PacienteService:47] Buscando la lista de pacientes
[2024-03-30 11:25:45] [ INFO ] [TurnoService:125] Buscando el turno con id: 1
[2024-03-30 11:25:52] [ INFO ] [TurnoService:208] Buscando lista de turnos
[2024-03-30 11:25:52] [ INFO ] [OdontologoService:46] Buscando la lista de Odontólogos
[2024-03-30 11:25:52] [ INFO ] [PacienteService:47] Buscando la lista de pacientes
[2024-03-30 11:27:19] [ INFO ] [OdontologoService:46] Buscando la lista de Odontólogos
[2024-03-30 11:27:28] [ INFO ] [OdontologoService:27] Persistiendo un Odontólogo
[2024-03-30 11:27:28] [ INFO ] [OdontologoService:35] Guardado exitosamente
[2024-03-30 11:27:29] [ INFO ] [OdontologoService:46] Buscando la lista de Odontólogos
[2024-03-30 11:27:30] [ INFO ] [PacienteService:47] Buscando la lista de pacientes
[2024-03-30 11:27:38] [ INFO ] [PacienteService:28] Persistiendo un Paciente
[2024-03-30 11:27:38] [ INFO ] [PacienteService:36] Guardado exitosamente
[2024-03-30 11:27:38] [ INFO ] [PacienteService:47] Buscando la lista de pacientes
[2024-03-30 11:27:40] [ INFO ] [PacienteService:47] Buscando la lista de pacientes
[2024-03-30 11:27:40] [ INFO ] [TurnoService:208] Buscando lista de turnos
[2024-03-30 11:27:40] [ INFO ] [OdontologoService:46] Buscando la lista de Odontólogos
[2024-03-30 11:27:51] [ INFO ] [TurnoController:46] esto trae el turnoRequestDTO: com.dh.ClinicMVC.dto.request.TurnoRequestDTO@5c14c48c
[2024-03-30 11:27:51] [ INFO ] [OdontologoService:52] Buscando el Odontólogo con id: 1
[2024-03-30 11:27:51] [ INFO ] [PacienteService:53] Buscando el paciente con id: 1
[2024-03-30 11:27:51] [ INFO ] [TurnoService:43] Persitiendo un Turno
[2024-03-30 11:27:51] [ INFO ] [TurnoService:168] Buscando los turnos con Odontologo id: 1
[2024-03-30 11:27:51] [ INFO ] [TurnoService:89] Turno Persistido
[2024-03-30 11:27:52] [ INFO ] [PacienteService:47] Buscando la lista de pacientes
[2024-03-30 11:27:52] [ INFO ] [OdontologoService:46] Buscando la lista de Odontólogos
[2024-03-30 11:27:52] [ INFO ] [TurnoService:208] Buscando lista de turnos
[2024-03-30 11:27:57] [ INFO ] [TurnoService:125] Buscando el turno con id: 1
[2024-03-30 11:28:05] [ INFO ] [TurnoService:125] Buscando el turno con id: 1
[2024-03-30 11:28:07] [ INFO ] [OdontologoService:46] Buscando la lista de Odontólogos
[2024-03-30 11:28:07] [ INFO ] [PacienteService:47] Buscando la lista de pacientes
[2024-03-30 11:28:07] [ INFO ] [TurnoService:208] Buscando lista de turnos
[2024-03-30 11:30:18] [ INFO ] [OdontologoService:46] Buscando la lista de Odontólogos
[2024-03-30 11:30:27] [ INFO ] [OdontologoService:27] Persistiendo un Odontólogo
[2024-03-30 11:30:27] [ INFO ] [OdontologoService:35] Guardado exitosamente
[2024-03-30 11:30:28] [ INFO ] [OdontologoService:46] Buscando la lista de Odontólogos
[2024-03-30 11:30:29] [ INFO ] [PacienteService:47] Buscando la lista de pacientes
[2024-03-30 11:30:42] [ INFO ] [PacienteService:28] Persistiendo un Paciente
[2024-03-30 11:30:42] [ INFO ] [PacienteService:36] Guardado exitosamente
[2024-03-30 11:30:43] [ INFO ] [PacienteService:47] Buscando la lista de pacientes
[2024-03-30 11:30:46] [ INFO ] [OdontologoService:46] Buscando la lista de Odontólogos
[2024-03-30 11:30:46] [ INFO ] [TurnoService:208] Buscando lista de turnos
[2024-03-30 11:30:46] [ INFO ] [PacienteService:47] Buscando la lista de pacientes
[2024-03-30 11:30:54] [ INFO ] [TurnoController:46] esto trae el turnoRequestDTO: com.dh.ClinicMVC.dto.request.TurnoRequestDTO@46f9ba83
[2024-03-30 11:30:54] [ INFO ] [OdontologoService:52] Buscando el Odontólogo con id: 1
[2024-03-30 11:30:54] [ INFO ] [PacienteService:53] Buscando el paciente con id: 1
[2024-03-30 11:30:54] [ INFO ] [TurnoService:43] Persitiendo un Turno
[2024-03-30 11:30:54] [ INFO ] [TurnoService:168] Buscando los turnos con Odontologo id: 1
[2024-03-30 11:30:54] [ INFO ] [TurnoService:89] Turno Persistido
[2024-03-30 11:30:55] [ INFO ] [PacienteService:47] Buscando la lista de pacientes
[2024-03-30 11:30:55] [ INFO ] [TurnoService:208] Buscando lista de turnos
[2024-03-30 11:30:55] [ INFO ] [OdontologoService:46] Buscando la lista de Odontólogos
[2024-03-30 11:31:07] [ INFO ] [TurnoController:46] esto trae el turnoRequestDTO: com.dh.ClinicMVC.dto.request.TurnoRequestDTO@12694bfa
[2024-03-30 11:31:07] [ INFO ] [OdontologoService:52] Buscando el Odontólogo con id: 1
[2024-03-30 11:31:07] [ INFO ] [PacienteService:53] Buscando el paciente con id: 1
[2024-03-30 11:31:07] [ INFO ] [TurnoService:43] Persitiendo un Turno
[2024-03-30 11:31:07] [ INFO ] [TurnoService:168] Buscando los turnos con Odontologo id: 1
[2024-03-30 11:31:07] [ INFO ] [TurnoService:89] Turno Persistido
[2024-03-30 11:31:08] [ INFO ] [PacienteService:47] Buscando la lista de pacientes
[2024-03-30 11:31:08] [ INFO ] [TurnoService:208] Buscando lista de turnos
[2024-03-30 11:31:08] [ INFO ] [OdontologoService:46] Buscando la lista de Odontólogos
[2024-03-30 11:31:11] [ INFO ] [TurnoService:125] Buscando el turno con id: 2
[2024-03-30 11:31:11] [ INFO ] [TurnoService:208] Buscando lista de turnos
[2024-03-30 11:31:11] [ INFO ] [OdontologoService:46] Buscando la lista de Odontólogos
[2024-03-30 11:31:11] [ INFO ] [PacienteService:47] Buscando la lista de pacientes
[2024-03-30 11:31:15] [ INFO ] [TurnoService:125] Buscando el turno con id: 1
[2024-03-30 11:31:15] [ INFO ] [PacienteService:47] Buscando la lista de pacientes
[2024-03-30 11:31:15] [ INFO ] [OdontologoService:46] Buscando la lista de Odontólogos
[2024-03-30 11:31:15] [ INFO ] [TurnoService:208] Buscando lista de turnos
[2024-03-30 11:31:46] [ INFO ] [TurnoService:208] Buscando lista de turnos
[2024-03-30 11:31:46] [ INFO ] [OdontologoService:46] Buscando la lista de Odontólogos
[2024-03-30 11:31:46] [ INFO ] [PacienteService:47] Buscando la lista de pacientes
[2024-03-30 11:33:10] [ INFO ] [TurnoService:208] Buscando lista de turnos
[2024-03-30 11:33:10] [ INFO ] [OdontologoService:46] Buscando la lista de Odontólogos
[2024-03-30 11:33:10] [ INFO ] [PacienteService:47] Buscando la lista de pacientes
[2024-03-30 11:33:13] [ INFO ] [PacienteService:47] Buscando la lista de pacientes
[2024-03-30 11:33:13] [ INFO ] [OdontologoService:46] Buscando la lista de Odontólogos
[2024-03-30 11:33:13] [ INFO ] [TurnoService:208] Buscando lista de turnos
[2024-03-30 11:35:33] [ INFO ] [PacienteService:47] Buscando la lista de pacientes
[2024-03-30 11:35:54] [ INFO ] [TurnoService:208] Buscando lista de turnos completa
[2024-03-30 11:35:54] [ INFO ] [PacienteService:47] Buscando la lista de pacientes
[2024-03-30 11:35:54] [ INFO ] [OdontologoService:46] Buscando la lista de Odontólogos
[2024-03-30 11:35:56] [ INFO ] [OdontologoService:46] Buscando la lista de Odontólogos
[2024-03-30 11:35:58] [ INFO ] [PacienteService:47] Buscando la lista de pacientes
[2024-03-30 11:36:07] [ INFO ] [PacienteService:28] Persistiendo un Paciente
[2024-03-30 11:36:07] [ INFO ] [PacienteService:36] Guardado exitosamente
[2024-03-30 11:36:11] [ INFO ] [PacienteService:47] Buscando la lista de pacientes
[2024-03-30 11:36:16] [ INFO ] [OdontologoService:46] Buscando la lista de Odontólogos
[2024-03-30 11:36:21] [ INFO ] [OdontologoService:27] Persistiendo un Odontólogo
[2024-03-30 11:36:21] [ INFO ] [OdontologoService:35] Guardado exitosamente
[2024-03-30 11:36:24] [ INFO ] [OdontologoService:46] Buscando la lista de Odontólogos
[2024-03-30 11:36:32] [ INFO ] [TurnoService:208] Buscando lista de turnos completa
[2024-03-30 11:36:32] [ INFO ] [OdontologoService:46] Buscando la lista de Odontólogos
[2024-03-30 11:36:32] [ INFO ] [PacienteService:47] Buscando la lista de pacientes
[2024-03-30 11:36:43] [ INFO ] [TurnoController:46] esto trae el turnoRequestDTO: com.dh.ClinicMVC.dto.request.TurnoRequestDTO@4832c110
[2024-03-30 11:36:43] [ INFO ] [OdontologoService:52] Buscando el Odontólogo con id: 1
[2024-03-30 11:36:43] [ INFO ] [PacienteService:53] Buscando el paciente con id: 1
[2024-03-30 11:36:43] [ INFO ] [TurnoService:43] Persitiendo un Turno
[2024-03-30 11:36:43] [ INFO ] [TurnoService:168] Buscando los turnos con Odontologo id: 1
[2024-03-30 11:36:43] [ INFO ] [TurnoService:89] Turno Persistido
[2024-03-30 11:36:45] [ INFO ] [TurnoService:208] Buscando lista de turnos completa
[2024-03-30 11:36:45] [ INFO ] [OdontologoService:46] Buscando la lista de Odontólogos
[2024-03-30 11:36:45] [ INFO ] [PacienteService:47] Buscando la lista de pacientes
[2024-03-30 11:36:48] [ INFO ] [OdontologoService:46] Buscando la lista de Odontólogos
[2024-03-30 11:36:50] [ INFO ] [OdontologoService:46] Buscando la lista de Odontólogos
[2024-03-30 11:36:51] [ INFO ] [PacienteService:47] Buscando la lista de pacientes
[2024-03-30 11:36:53] [ INFO ] [OdontologoService:46] Buscando la lista de Odontólogos
[2024-03-30 11:36:55] [ INFO ] [PacienteService:47] Buscando la lista de pacientes
[2024-03-30 11:36:56] [ INFO ] [OdontologoService:46] Buscando la lista de Odontólogos
[2024-03-30 11:36:57] [ INFO ] [PacienteService:47] Buscando la lista de pacientes
[2024-03-30 11:36:59] [ INFO ] [PacienteService:47] Buscando la lista de pacientes
[2024-03-30 11:36:59] [ INFO ] [OdontologoService:46] Buscando la lista de Odontólogos
[2024-03-30 11:37:01] [ INFO ] [OdontologoService:46] Buscando la lista de Odontólogos
[2024-03-30 11:37:01] [ INFO ] [PacienteService:47] Buscando la lista de pacientes
[2024-03-30 11:37:01] [ INFO ] [TurnoService:208] Buscando lista de turnos completa
[2024-03-30 11:37:01] [ INFO ] [OdontologoService:46] Buscando la lista de Odontólogos
[2024-03-30 11:37:02] [ INFO ] [PacienteService:47] Buscando la lista de pacientes
[2024-03-30 11:37:03] [ INFO ] [OdontologoService:46] Buscando la lista de Odontólogos
[2024-03-30 11:37:04] [ INFO ] [PacienteService:47] Buscando la lista de pacientes
[2024-03-30 11:37:04] [ INFO ] [OdontologoService:46] Buscando la lista de Odontólogos
[2024-03-30 11:37:05] [ INFO ] [OdontologoService:46] Buscando la lista de Odontólogos
[2024-03-30 11:37:06] [ INFO ] [PacienteService:47] Buscando la lista de pacientes
[2024-03-30 11:37:07] [ INFO ] [PacienteService:47] Buscando la lista de pacientes
[2024-03-30 11:37:08] [ INFO ] [TurnoService:208] Buscando lista de turnos completa
[2024-03-30 11:37:08] [ INFO ] [PacienteService:47] Buscando la lista de pacientes
[2024-03-30 11:37:08] [ INFO ] [OdontologoService:46] Buscando la lista de Odontólogos
[2024-03-30 11:37:09] [ INFO ] [OdontologoService:46] Buscando la lista de Odontólogos
[2024-03-30 11:37:10] [ INFO ] [PacienteService:47] Buscando la lista de pacientes
[2024-03-30 11:37:12] [ INFO ] [OdontologoService:46] Buscando la lista de Odontólogos
[2024-03-30 11:37:12] [ INFO ] [PacienteService:47] Buscando la lista de pacientes
[2024-03-30 11:37:14] [ INFO ] [TurnoService:208] Buscando lista de turnos completa
[2024-03-30 11:37:14] [ INFO ] [OdontologoService:46] Buscando la lista de Odontólogos
[2024-03-30 11:37:14] [ INFO ] [PacienteService:47] Buscando la lista de pacientes
[2024-03-30 11:37:16] [ INFO ] [TurnoService:125] Buscando el turno con id: 1
[2024-03-30 11:37:16] [ INFO ] [TurnoService:208] Buscando lista de turnos completa
[2024-03-30 11:37:16] [ INFO ] [OdontologoService:46] Buscando la lista de Odontólogos
[2024-03-30 11:37:16] [ INFO ] [PacienteService:47] Buscando la lista de pacientes
[2024-03-30 11:37:18] [ INFO ] [OdontologoService:46] Buscando la lista de Odontólogos
[2024-03-30 11:37:18] [ INFO ] [PacienteService:47] Buscando la lista de pacientes
[2024-03-30 11:37:19] [ INFO ] [OdontologoService:46] Buscando la lista de Odontólogos
[2024-03-30 11:37:21] [ INFO ] [PacienteService:47] Buscando la lista de pacientes
[2024-03-30 11:37:21] [ INFO ] [PacienteService:47] Buscando la lista de pacientes
[2024-03-30 11:37:21] [ INFO ] [TurnoService:208] Buscando lista de turnos completa
[2024-03-30 11:37:21] [ INFO ] [OdontologoService:46] Buscando la lista de Odontólogos
[2024-03-30 11:37:33] [ INFO ] [TurnoController:46] esto trae el turnoRequestDTO: com.dh.ClinicMVC.dto.request.TurnoRequestDTO@287cfcd4
[2024-03-30 11:37:33] [ INFO ] [OdontologoService:52] Buscando el Odontólogo con id: 1
[2024-03-30 11:37:33] [ INFO ] [PacienteService:53] Buscando el paciente con id: 1
[2024-03-30 11:37:33] [ INFO ] [TurnoService:43] Persitiendo un Turno
[2024-03-30 11:37:33] [ INFO ] [TurnoService:168] Buscando los turnos con Odontologo id: 1
[2024-03-30 11:37:33] [ INFO ] [TurnoService:89] Turno Persistido
[2024-03-30 11:37:36] [ INFO ] [TurnoService:208] Buscando lista de turnos completa
[2024-03-30 11:37:36] [ INFO ] [PacienteService:47] Buscando la lista de pacientes
[2024-03-30 11:37:36] [ INFO ] [OdontologoService:46] Buscando la lista de Odontólogos
[2024-03-30 11:37:37] [ INFO ] [OdontologoService:46] Buscando la lista de Odontólogos
[2024-03-30 11:37:39] [ INFO ] [PacienteService:47] Buscando la lista de pacientes
[2024-03-30 11:37:40] [ INFO ] [OdontologoService:46] Buscando la lista de Odontólogos
[2024-03-30 11:37:42] [ INFO ] [OdontologoService:46] Buscando la lista de Odontólogos
[2024-03-30 11:37:43] [ INFO ] [OdontologoService:46] Buscando la lista de Odontólogos
[2024-03-30 11:37:44] [ INFO ] [PacienteService:47] Buscando la lista de pacientes
[2024-03-30 11:37:46] [ INFO ] [PacienteService:47] Buscando la lista de pacientes
[2024-03-30 11:37:47] [ INFO ] [OdontologoService:46] Buscando la lista de Odontólogos
[2024-03-30 11:37:48] [ INFO ] [OdontologoService:46] Buscando la lista de Odontólogos
[2024-03-30 11:37:50] [ INFO ] [TurnoService:208] Buscando lista de turnos completa
[2024-03-30 11:37:50] [ INFO ] [PacienteService:47] Buscando la lista de pacientes
[2024-03-30 11:37:50] [ INFO ] [OdontologoService:46] Buscando la lista de Odontólogos
[2024-03-30 11:37:53] [ INFO ] [OdontologoService:46] Buscando la lista de Odontólogos
[2024-03-30 11:37:54] [ INFO ] [PacienteService:47] Buscando la lista de pacientes
[2024-03-30 11:37:56] [ INFO ] [OdontologoService:46] Buscando la lista de Odontólogos
[2024-03-30 11:37:57] [ INFO ] [PacienteService:47] Buscando la lista de pacientes
[2024-03-30 11:38:00] [ INFO ] [PacienteService:47] Buscando la lista de pacientes
[2024-03-30 11:38:01] [ INFO ] [PacienteService:47] Buscando la lista de pacientes
[2024-03-30 11:38:03] [ INFO ] [PacienteService:47] Buscando la lista de pacientes
[2024-03-30 11:38:04] [ INFO ] [PacienteService:47] Buscando la lista de pacientes
[2024-03-30 11:38:05] [ INFO ] [PacienteService:47] Buscando la lista de pacientes
[2024-03-30 11:38:06] [ INFO ] [PacienteService:47] Buscando la lista de pacientes
[2024-03-30 11:46:03] [ INFO ] [TurnoService:208] Buscando lista de turnos completa
[2024-03-30 11:46:03] [ INFO ] [PacienteService:47] Buscando la lista de pacientes
[2024-03-30 11:46:03] [ INFO ] [OdontologoService:46] Buscando la lista de Odontólogos
[2024-03-30 11:46:06] [ INFO ] [PacienteService:47] Buscando la lista de pacientes
[2024-03-30 11:46:15] [ INFO ] [PacienteService:28] Persistiendo un Paciente
[2024-03-30 11:46:15] [ INFO ] [PacienteService:36] Guardado exitosamente
[2024-03-30 11:46:20] [ INFO ] [PacienteService:47] Buscando la lista de pacientes
[2024-03-30 11:46:33] [ INFO ] [PacienteService:28] Persistiendo un Paciente
[2024-03-30 11:46:33] [ ERROR] [PacienteService:39] Un paciente con el mismo Dni ya se encontraba en la base de datos
[2024-03-30 11:46:37] [ INFO ] [PacienteService:47] Buscando la lista de pacientes
[2024-03-30 11:46:38] [ INFO ] [PacienteService:53] Buscando el paciente con id: 1
[2024-03-30 11:46:42] [ INFO ] [PacienteService:53] Buscando el paciente con id: 1
[2024-03-30 11:46:42] [ INFO ] [PacienteService:65] actualizando el paciente con id: 1
[2024-03-30 11:46:42] [ ERROR] [PacienteService:78] Ya existe un paciente con este dni en la base de datos
[2024-03-30 11:46:52] [ INFO ] [PacienteService:53] Buscando el paciente con id: 1
[2024-03-30 11:46:52] [ INFO ] [PacienteService:65] actualizando el paciente con id: 1
[2024-03-30 11:46:52] [ ERROR] [PacienteService:78] Ya existe un paciente con este dni en la base de datos
[2024-03-30 11:46:53] [ INFO ] [PacienteService:53] Buscando el paciente con id: 1
[2024-03-30 11:46:53] [ INFO ] [PacienteService:65] actualizando el paciente con id: 1
[2024-03-30 11:46:53] [ ERROR] [PacienteService:78] Ya existe un paciente con este dni en la base de datos
[2024-03-30 11:46:53] [ INFO ] [PacienteService:53] Buscando el paciente con id: 1
[2024-03-30 11:46:53] [ INFO ] [PacienteService:65] actualizando el paciente con id: 1
[2024-03-30 11:46:53] [ ERROR] [PacienteService:78] Ya existe un paciente con este dni en la base de datos
[2024-03-30 11:46:53] [ INFO ] [PacienteService:53] Buscando el paciente con id: 1
[2024-03-30 11:46:53] [ INFO ] [PacienteService:65] actualizando el paciente con id: 1
[2024-03-30 11:46:53] [ ERROR] [PacienteService:78] Ya existe un paciente con este dni en la base de datos
[2024-03-30 11:46:53] [ INFO ] [PacienteService:53] Buscando el paciente con id: 1
[2024-03-30 11:46:53] [ INFO ] [PacienteService:65] actualizando el paciente con id: 1
[2024-03-30 11:46:53] [ ERROR] [PacienteService:78] Ya existe un paciente con este dni en la base de datos
[2024-03-30 11:46:57] [ INFO ] [PacienteService:53] Buscando el paciente con id: 1
[2024-03-30 11:46:57] [ INFO ] [PacienteService:65] actualizando el paciente con id: 1
[2024-03-30 11:46:57] [ INFO ] [PacienteService:74] Actualizado exitosamente
[2024-03-30 11:47:00] [ INFO ] [PacienteService:47] Buscando la lista de pacientes
[2024-03-30 11:47:01] [ INFO ] [PacienteService:53] Buscando el paciente con id: 1
[2024-03-30 11:47:05] [ INFO ] [PacienteService:53] Buscando el paciente con id: 1
[2024-03-30 11:47:05] [ INFO ] [PacienteService:65] actualizando el paciente con id: 1
[2024-03-30 11:47:05] [ INFO ] [PacienteService:74] Actualizado exitosamente
[2024-03-30 11:50:27] [ INFO ] [PacienteService:47] Buscando la lista de pacientes
[2024-03-30 11:50:35] [ INFO ] [PacienteService:28] Persistiendo un Paciente
[2024-03-30 11:50:35] [ INFO ] [PacienteService:36] Guardado exitosamente
[2024-03-30 11:50:38] [ INFO ] [PacienteService:47] Buscando la lista de pacientes
[2024-03-30 11:50:44] [ INFO ] [PacienteService:53] Buscando el paciente con id: 1
[2024-03-30 11:50:47] [ INFO ] [PacienteService:53] Buscando el paciente con id: 1
[2024-03-30 11:50:47] [ INFO ] [PacienteService:65] actualizando el paciente con id: 1
[2024-03-30 11:50:47] [ INFO ] [PacienteService:74] Actualizado exitosamente
[2024-03-30 11:50:49] [ INFO ] [PacienteService:47] Buscando la lista de pacientes
[2024-04-04 18:14:51] [ INFO ] [OdontologoService:46] Buscando la lista de Odontólogos
[2024-04-04 18:15:03] [ INFO ] [OdontologoService:27] Persistiendo un Odontólogo
[2024-04-04 18:15:03] [ INFO ] [OdontologoService:35] Guardado exitosamente
[2024-04-04 18:15:06] [ INFO ] [OdontologoService:46] Buscando la lista de Odontólogos
[2024-04-04 18:16:42] [ INFO ] [OdontologoService:27] Persistiendo un Odontólogo
[2024-04-04 18:16:42] [ INFO ] [OdontologoService:35] Guardado exitosamente
[2024-04-04 18:16:44] [ INFO ] [OdontologoService:46] Buscando la lista de Odontólogos
[2024-04-04 18:17:02] [ INFO ] [OdontologoService:46] Buscando la lista de Odontólogos
[2024-04-04 18:17:12] [ INFO ] [OdontologoService:27] Persistiendo un Odontólogo
[2024-04-04 18:17:12] [ INFO ] [OdontologoService:35] Guardado exitosamente
[2024-04-04 18:17:14] [ INFO ] [OdontologoService:46] Buscando la lista de Odontólogos
[2024-04-04 18:19:39] [ INFO ] [OdontologoService:46] Buscando la lista de Odontólogos
[2024-04-04 18:19:49] [ INFO ] [OdontologoService:27] Persistiendo un Odontólogo
[2024-04-04 18:19:49] [ INFO ] [OdontologoService:35] Guardado exitosamente
[2024-04-04 18:19:51] [ INFO ] [OdontologoService:46] Buscando la lista de Odontólogos
[2024-04-04 18:20:01] [ INFO ] [OdontologoService:46] Buscando la lista de Odontólogos
[2024-04-04 18:21:12] [ INFO ] [OdontologoService:46] Buscando la lista de Odontólogos
[2024-04-04 18:21:13] [ INFO ] [OdontologoService:46] Buscando la lista de Odontólogos
[2024-04-04 18:22:02] [ INFO ] [OdontologoService:46] Buscando la lista de Odontólogos
[2024-04-04 18:22:10] [ INFO ] [OdontologoService:46] Buscando la lista de Odontólogos
[2024-04-04 18:25:40] [ INFO ] [OdontologoService:46] Buscando la lista de Odontólogos
[2024-04-04 18:25:45] [ INFO ] [OdontologoService:46] Buscando la lista de Odontólogos
[2024-04-04 18:25:57] [ INFO ] [OdontologoService:27] Persistiendo un Odontólogo
[2024-04-04 18:25:57] [ INFO ] [OdontologoService:35] Guardado exitosamente
[2024-04-04 18:25:59] [ INFO ] [OdontologoService:46] Buscando la lista de Odontólogos
[2024-04-04 18:27:03] [ INFO ] [OdontologoService:46] Buscando la lista de Odontólogos
[2024-04-04 18:27:57] [ INFO ] [OdontologoService:46] Buscando la lista de Odontólogos
[2024-04-04 18:36:22] [ INFO ] [OdontologoService:46] Buscando la lista de Odontólogos
[2024-04-04 18:36:30] [ INFO ] [OdontologoService:27] Persistiendo un Odontólogo
[2024-04-04 18:36:30] [ INFO ] [OdontologoService:35] Guardado exitosamente
[2024-04-04 18:36:33] [ INFO ] [OdontologoService:46] Buscando la lista de Odontólogos
[2024-04-04 18:43:17] [ INFO ] [OdontologoService:52] Buscando el Odontólogo con id: 1
[2024-04-04 18:43:17] [ INFO ] [OdontologoService:84] Eliminando al Odontólogo con id: 1
[2024-04-04 18:43:17] [ INFO ] [OdontologoService:87] Odontólogo eliminado exitosamente
[2024-04-04 18:45:05] [ INFO ] [OdontologoService:46] Buscando la lista de Odontólogos
[2024-04-04 18:45:10] [ INFO ] [OdontologoService:46] Buscando la lista de Odontólogos
[2024-04-04 18:46:06] [ INFO ] [OdontologoService:46] Buscando la lista de Odontólogos
[2024-04-04 18:46:08] [ INFO ] [OdontologoService:46] Buscando la lista de Odontólogos
[2024-04-04 18:46:08] [ INFO ] [OdontologoService:46] Buscando la lista de Odontólogos
[2024-04-04 18:46:09] [ INFO ] [OdontologoService:46] Buscando la lista de Odontólogos
[2024-04-04 18:52:50] [ INFO ] [OdontologoService:46] Buscando la lista de Odontólogos
[2024-04-04 18:52:59] [ INFO ] [OdontologoService:27] Persistiendo un Odontólogo
[2024-04-04 18:52:59] [ INFO ] [OdontologoService:35] Guardado exitosamente
[2024-04-04 18:53:01] [ INFO ] [OdontologoService:46] Buscando la lista de Odontólogos
[2024-04-04 18:53:49] [ INFO ] [OdontologoService:46] Buscando la lista de Odontólogos
[2024-04-04 18:53:50] [ INFO ] [OdontologoService:46] Buscando la lista de Odontólogos
[2024-04-04 18:53:53] [ INFO ] [OdontologoService:46] Buscando la lista de Odontólogos
[2024-04-04 18:54:03] [ INFO ] [OdontologoService:27] Persistiendo un Odontólogo
[2024-04-04 18:54:03] [ INFO ] [OdontologoService:35] Guardado exitosamente
[2024-04-04 18:54:05] [ INFO ] [OdontologoService:46] Buscando la lista de Odontólogos
[2024-04-04 19:00:07] [ INFO ] [OdontologoService:46] Buscando la lista de Odontólogos
[2024-04-04 19:00:15] [ INFO ] [OdontologoService:27] Persistiendo un Odontólogo
[2024-04-04 19:00:15] [ INFO ] [OdontologoService:35] Guardado exitosamente
[2024-04-04 19:00:17] [ INFO ] [OdontologoService:27] Persistiendo un Odontólogo
[2024-04-04 19:00:17] [ ERROR] [OdontologoService:38] Un Odontólogo con la misma Matrícula ya se encontraba en la base de datos
[2024-04-04 19:00:18] [ INFO ] [OdontologoService:27] Persistiendo un Odontólogo
[2024-04-04 19:00:18] [ ERROR] [OdontologoService:38] Un Odontólogo con la misma Matrícula ya se encontraba en la base de datos
[2024-04-04 19:00:18] [ INFO ] [OdontologoService:27] Persistiendo un Odontólogo
[2024-04-04 19:00:18] [ ERROR] [OdontologoService:38] Un Odontólogo con la misma Matrícula ya se encontraba en la base de datos
[2024-04-04 19:00:18] [ INFO ] [OdontologoService:27] Persistiendo un Odontólogo
[2024-04-04 19:00:18] [ ERROR] [OdontologoService:38] Un Odontólogo con la misma Matrícula ya se encontraba en la base de datos
[2024-04-04 19:00:24] [ INFO ] [OdontologoService:27] Persistiendo un Odontólogo
[2024-04-04 19:00:24] [ ERROR] [OdontologoService:38] Un Odontólogo con la misma Matrícula ya se encontraba en la base de datos
[2024-04-04 19:00:57] [ INFO ] [OdontologoService:27] Persistiendo un Odontólogo
[2024-04-04 19:00:57] [ ERROR] [OdontologoService:38] Un Odontólogo con la misma Matrícula ya se encontraba en la base de datos
[2024-04-04 19:00:59] [ INFO ] [OdontologoService:46] Buscando la lista de Odontólogos
[2024-04-04 19:01:20] [ INFO ] [OdontologoService:27] Persistiendo un Odontólogo
[2024-04-04 19:01:20] [ INFO ] [OdontologoService:35] Guardado exitosamente
[2024-04-04 19:01:23] [ INFO ] [OdontologoService:46] Buscando la lista de Odontólogos
[2024-04-04 19:34:55] [ INFO ] [OdontologoService:46] Buscando la lista de Odontólogos
[2024-04-04 19:35:05] [ INFO ] [OdontologoService:27] Persistiendo un Odontólogo
[2024-04-04 19:35:05] [ INFO ] [OdontologoService:35] Guardado exitosamente
[2024-04-04 19:35:20] [ INFO ] [OdontologoService:46] Buscando la lista de Odontólogos
[2024-04-04 19:35:56] [ INFO ] [OdontologoService:46] Buscando la lista de Odontólogos
[2024-04-04 19:36:00] [ INFO ] [OdontologoService:46] Buscando la lista de Odontólogos
[2024-04-04 19:36:07] [ INFO ] [OdontologoService:27] Persistiendo un Odontólogo
[2024-04-04 19:36:07] [ INFO ] [OdontologoService:35] Guardado exitosamente
[2024-04-04 19:36:09] [ INFO ] [OdontologoService:46] Buscando la lista de Odontólogos
[2024-04-04 19:40:43] [ INFO ] [OdontologoService:46] Buscando la lista de Odontólogos
[2024-04-04 19:40:53] [ INFO ] [OdontologoService:27] Persistiendo un Odontólogo
[2024-04-04 19:40:53] [ INFO ] [OdontologoService:35] Guardado exitosamente
[2024-04-04 19:40:54] [ INFO ] [OdontologoService:27] Persistiendo un Odontólogo
[2024-04-04 19:40:54] [ ERROR] [OdontologoService:38] Un Odontólogo con la misma Matrícula ya se encontraba en la base de datos
[2024-04-04 19:40:55] [ INFO ] [OdontologoService:27] Persistiendo un Odontólogo
[2024-04-04 19:40:55] [ ERROR] [OdontologoService:38] Un Odontólogo con la misma Matrícula ya se encontraba en la base de datos
[2024-04-04 19:40:55] [ INFO ] [OdontologoService:27] Persistiendo un Odontólogo
[2024-04-04 19:40:55] [ ERROR] [OdontologoService:38] Un Odontólogo con la misma Matrícula ya se encontraba en la base de datos
[2024-04-04 19:40:56] [ INFO ] [OdontologoService:27] Persistiendo un Odontólogo
[2024-04-04 19:40:56] [ ERROR] [OdontologoService:38] Un Odontólogo con la misma Matrícula ya se encontraba en la base de datos
[2024-04-04 19:40:56] [ INFO ] [OdontologoService:27] Persistiendo un Odontólogo
[2024-04-04 19:40:56] [ ERROR] [OdontologoService:38] Un Odontólogo con la misma Matrícula ya se encontraba en la base de datos
[2024-04-04 19:41:00] [ INFO ] [OdontologoService:46] Buscando la lista de Odontólogos
[2024-04-04 19:57:10] [ INFO ] [OdontologoService:46] Buscando la lista de Odontólogos
[2024-04-04 19:57:20] [ INFO ] [OdontologoService:27] Persistiendo un Odontólogo
[2024-04-04 19:57:20] [ INFO ] [OdontologoService:27] Persistiendo un Odontólogo
[2024-04-04 19:57:20] [ INFO ] [OdontologoService:35] Guardado exitosamente
[2024-04-04 19:57:20] [ INFO ] [OdontologoService:35] Guardado exitosamente
[2024-04-04 19:57:26] [ INFO ] [OdontologoService:46] Buscando la lista de Odontólogos
[2024-04-04 19:57:36] [ INFO ] [OdontologoService:27] Persistiendo un Odontólogo
[2024-04-04 19:57:36] [ INFO ] [OdontologoService:35] Guardado exitosamente
[2024-04-04 19:57:42] [ INFO ] [OdontologoService:46] Buscando la lista de Odontólogos
[2024-04-04 19:58:25] [ INFO ] [OdontologoService:46] Buscando la lista de Odontólogos
[2024-04-04 19:58:28] [ INFO ] [OdontologoService:46] Buscando la lista de Odontólogos
[2024-04-04 19:58:38] [ INFO ] [OdontologoService:27] Persistiendo un Odontólogo
[2024-04-04 19:58:38] [ INFO ] [OdontologoService:35] Guardado exitosamente
[2024-04-04 19:58:53] [ INFO ] [OdontologoService:46] Buscando la lista de Odontólogos
[2024-04-04 19:59:10] [ INFO ] [OdontologoService:46] Buscando la lista de Odontólogos
[2024-04-04 19:59:10] [ INFO ] [OdontologoService:46] Buscando la lista de Odontólogos
[2024-04-04 19:59:13] [ INFO ] [OdontologoService:46] Buscando la lista de Odontólogos
[2024-04-04 19:59:13] [ INFO ] [OdontologoService:46] Buscando la lista de Odontólogos
[2024-04-04 19:59:30] [ INFO ] [OdontologoService:27] Persistiendo un Odontólogo
[2024-04-04 19:59:30] [ INFO ] [OdontologoService:35] Guardado exitosamente
[2024-04-04 19:59:36] [ INFO ] [OdontologoService:46] Buscando la lista de Odontólogos
[2024-04-04 20:09:13] [ INFO ] [OdontologoService:46] Buscando la lista de Odontólogos
[2024-04-04 20:09:24] [ INFO ] [OdontologoService:27] Persistiendo un Odontólogo
[2024-04-04 20:09:24] [ INFO ] [OdontologoService:35] Guardado exitosamente
[2024-04-04 20:09:30] [ INFO ] [OdontologoService:46] Buscando la lista de Odontólogos
[2024-04-04 20:09:32] [ INFO ] [OdontologoService:46] Buscando la lista de Odontólogos
[2024-04-04 20:09:32] [ INFO ] [OdontologoService:46] Buscando la lista de Odontólogos
[2024-04-04 20:09:32] [ INFO ] [OdontologoService:46] Buscando la lista de Odontólogos
[2024-04-04 20:09:37] [ INFO ] [OdontologoService:46] Buscando la lista de Odontólogos
[2024-04-04 20:09:38] [ INFO ] [OdontologoService:46] Buscando la lista de Odontólogos
[2024-04-04 20:09:46] [ INFO ] [OdontologoService:27] Persistiendo un Odontólogo
[2024-04-04 20:09:46] [ INFO ] [OdontologoService:35] Guardado exitosamente
[2024-04-04 20:09:57] [ INFO ] [OdontologoService:46] Buscando la lista de Odontólogos
[2024-04-04 20:11:03] [ INFO ] [OdontologoService:46] Buscando la lista de Odontólogos
[2024-04-04 20:11:03] [ INFO ] [OdontologoService:46] Buscando la lista de Odontólogos
[2024-04-04 20:11:15] [ INFO ] [OdontologoService:27] Persistiendo un Odontólogo
[2024-04-04 20:11:15] [ INFO ] [OdontologoService:35] Guardado exitosamente
[2024-04-04 20:11:17] [ INFO ] [OdontologoService:46] Buscando la lista de Odontólogos
[2024-04-04 20:11:31] [ INFO ] [OdontologoService:46] Buscando la lista de Odontólogos
[2024-04-04 20:11:55] [ INFO ] [OdontologoService:46] Buscando la lista de Odontólogos
[2024-04-04 20:29:27] [ INFO ] [OdontologoService:46] Buscando la lista de Odontólogos
[2024-04-04 20:29:36] [ INFO ] [OdontologoService:27] Persistiendo un Odontólogo
[2024-04-04 20:29:36] [ INFO ] [OdontologoService:35] Guardado exitosamente
[2024-04-04 20:29:39] [ INFO ] [OdontologoService:46] Buscando la lista de Odontólogos
[2024-04-04 20:29:41] [ INFO ] [OdontologoService:46] Buscando la lista de Odontólogos
[2024-04-04 20:29:41] [ INFO ] [OdontologoService:46] Buscando la lista de Odontólogos
[2024-04-04 20:29:41] [ INFO ] [OdontologoService:46] Buscando la lista de Odontólogos
[2024-04-04 20:29:42] [ INFO ] [OdontologoService:46] Buscando la lista de Odontólogos
[2024-04-04 20:29:42] [ INFO ] [OdontologoService:46] Buscando la lista de Odontólogos
[2024-04-04 20:29:42] [ INFO ] [OdontologoService:46] Buscando la lista de Odontólogos
[2024-04-04 20:33:15] [ INFO ] [OdontologoService:46] Buscando la lista de Odontólogos
[2024-04-04 20:33:25] [ INFO ] [OdontologoService:27] Persistiendo un Odontólogo
[2024-04-04 20:33:25] [ INFO ] [OdontologoService:35] Guardado exitosamente
[2024-04-04 20:33:29] [ INFO ] [OdontologoService:46] Buscando la lista de Odontólogos
[2024-04-04 20:34:15] [ INFO ] [OdontologoService:46] Buscando la lista de Odontólogos
[2024-04-04 20:34:15] [ INFO ] [OdontologoService:46] Buscando la lista de Odontólogos
[2024-04-04 20:34:16] [ INFO ] [OdontologoService:46] Buscando la lista de Odontólogos
[2024-04-04 20:34:16] [ INFO ] [OdontologoService:46] Buscando la lista de Odontólogos
[2024-04-04 20:34:16] [ INFO ] [OdontologoService:46] Buscando la lista de Odontólogos
[2024-04-04 20:34:18] [ INFO ] [OdontologoService:46] Buscando la lista de Odontólogos
[2024-04-04 20:34:27] [ INFO ] [OdontologoService:27] Persistiendo un Odontólogo
[2024-04-04 20:34:27] [ INFO ] [OdontologoService:35] Guardado exitosamente
[2024-04-04 20:34:32] [ INFO ] [OdontologoService:46] Buscando la lista de Odontólogos
[2024-04-04 20:34:39] [ INFO ] [OdontologoService:52] Buscando el Odontólogo con id: 1
[2024-04-04 20:34:46] [ INFO ] [OdontologoService:52] Buscando el Odontólogo con id: 1
[2024-04-04 20:34:46] [ INFO ] [OdontologoService:64] Actualizando el Odontólogo con id: 1
[2024-04-04 20:34:46] [ INFO ] [OdontologoService:73] Actualizado exitosamente
[2024-04-04 20:34:46] [ INFO ] [OdontologoService:46] Buscando la lista de Odontólogos
[2024-04-04 20:40:04] [ INFO ] [OdontologoService:46] Buscando la lista de Odontólogos
[2024-04-04 20:40:14] [ INFO ] [OdontologoService:27] Persistiendo un Odontólogo
[2024-04-04 20:40:14] [ INFO ] [OdontologoService:35] Guardado exitosamente
[2024-04-04 20:40:17] [ INFO ] [OdontologoService:46] Buscando la lista de Odontólogos
[2024-04-04 20:40:18] [ INFO ] [OdontologoService:46] Buscando la lista de Odontólogos
[2024-04-04 20:40:18] [ INFO ] [OdontologoService:46] Buscando la lista de Odontólogos
[2024-04-04 20:40:19] [ INFO ] [OdontologoService:46] Buscando la lista de Odontólogos
[2024-04-04 20:40:19] [ INFO ] [OdontologoService:46] Buscando la lista de Odontólogos
[2024-04-04 20:40:19] [ INFO ] [OdontologoService:46] Buscando la lista de Odontólogos
[2024-04-04 20:40:19] [ INFO ] [OdontologoService:46] Buscando la lista de Odontólogos
[2024-04-04 20:40:20] [ INFO ] [OdontologoService:46] Buscando la lista de Odontólogos
[2024-04-04 20:40:20] [ INFO ] [OdontologoService:46] Buscando la lista de Odontólogos
[2024-04-04 20:40:20] [ INFO ] [OdontologoService:46] Buscando la lista de Odontólogos
[2024-04-04 20:40:21] [ INFO ] [OdontologoService:46] Buscando la lista de Odontólogos
[2024-04-04 20:40:33] [ INFO ] [OdontologoService:27] Persistiendo un Odontólogo
[2024-04-04 20:40:33] [ INFO ] [OdontologoService:35] Guardado exitosamente
[2024-04-04 20:40:38] [ INFO ] [OdontologoService:46] Buscando la lista de Odontólogos
[2024-04-04 20:40:49] [ INFO ] [OdontologoService:46] Buscando la lista de Odontólogos
[2024-04-04 20:40:57] [ INFO ] [OdontologoService:27] Persistiendo un Odontólogo
[2024-04-04 20:40:57] [ INFO ] [OdontologoService:35] Guardado exitosamente
[2024-04-04 20:41:02] [ INFO ] [OdontologoService:46] Buscando la lista de Odontólogos
[2024-04-04 20:52:16] [ INFO ] [OdontologoService:46] Buscando la lista de Odontólogos
[2024-04-04 20:52:27] [ INFO ] [OdontologoService:27] Persistiendo un Odontólogo
[2024-04-04 20:52:27] [ INFO ] [OdontologoService:35] Guardado exitosamente
[2024-04-04 20:52:28] [ INFO ] [OdontologoService:27] Persistiendo un Odontólogo
[2024-04-04 20:52:28] [ ERROR] [OdontologoService:38] Un Odontólogo con la misma Matrícula ya se encontraba en la base de datos
[2024-04-04 20:52:29] [ INFO ] [OdontologoService:27] Persistiendo un Odontólogo
[2024-04-04 20:52:29] [ ERROR] [OdontologoService:38] Un Odontólogo con la misma Matrícula ya se encontraba en la base de datos
[2024-04-04 20:52:29] [ INFO ] [OdontologoService:27] Persistiendo un Odontólogo
[2024-04-04 20:52:29] [ ERROR] [OdontologoService:38] Un Odontólogo con la misma Matrícula ya se encontraba en la base de datos
[2024-04-04 20:52:30] [ INFO ] [OdontologoService:27] Persistiendo un Odontólogo
[2024-04-04 20:52:30] [ ERROR] [OdontologoService:38] Un Odontólogo con la misma Matrícula ya se encontraba en la base de datos
[2024-04-04 20:52:30] [ INFO ] [OdontologoService:27] Persistiendo un Odontólogo
[2024-04-04 20:52:30] [ ERROR] [OdontologoService:38] Un Odontólogo con la misma Matrícula ya se encontraba en la base de datos
[2024-04-04 20:52:30] [ INFO ] [OdontologoService:27] Persistiendo un Odontólogo
[2024-04-04 20:52:30] [ ERROR] [OdontologoService:38] Un Odontólogo con la misma Matrícula ya se encontraba en la base de datos
[2024-04-04 20:52:32] [ INFO ] [OdontologoService:27] Persistiendo un Odontólogo
[2024-04-04 20:52:32] [ ERROR] [OdontologoService:38] Un Odontólogo con la misma Matrícula ya se encontraba en la base de datos
[2024-04-04 20:52:32] [ INFO ] [OdontologoService:27] Persistiendo un Odontólogo
[2024-04-04 20:52:32] [ ERROR] [OdontologoService:38] Un Odontólogo con la misma Matrícula ya se encontraba en la base de datos
[2024-04-04 20:52:32] [ INFO ] [OdontologoService:27] Persistiendo un Odontólogo
[2024-04-04 20:52:32] [ ERROR] [OdontologoService:38] Un Odontólogo con la misma Matrícula ya se encontraba en la base de datos
[2024-04-04 20:52:32] [ INFO ] [OdontologoService:27] Persistiendo un Odontólogo
[2024-04-04 20:52:32] [ ERROR] [OdontologoService:38] Un Odontólogo con la misma Matrícula ya se encontraba en la base de datos
[2024-04-04 20:52:32] [ INFO ] [OdontologoService:27] Persistiendo un Odontólogo
[2024-04-04 20:52:32] [ ERROR] [OdontologoService:38] Un Odontólogo con la misma Matrícula ya se encontraba en la base de datos
[2024-04-04 20:52:33] [ INFO ] [OdontologoService:27] Persistiendo un Odontólogo
[2024-04-04 20:52:33] [ ERROR] [OdontologoService:38] Un Odontólogo con la misma Matrícula ya se encontraba en la base de datos
[2024-04-04 20:52:38] [ INFO ] [OdontologoService:46] Buscando la lista de Odontólogos
[2024-04-04 20:53:00] [ INFO ] [OdontologoService:46] Buscando la lista de Odontólogos
[2024-04-04 20:53:01] [ INFO ] [OdontologoService:46] Buscando la lista de Odontólogos
[2024-04-04 20:53:01] [ INFO ] [OdontologoService:46] Buscando la lista de Odontólogos
[2024-04-04 20:53:01] [ INFO ] [OdontologoService:46] Buscando la lista de Odontólogos
[2024-04-04 20:53:01] [ INFO ] [OdontologoService:46] Buscando la lista de Odontólogos
[2024-04-04 20:53:02] [ INFO ] [OdontologoService:46] Buscando la lista de Odontólogos
[2024-04-04 20:53:02] [ INFO ] [OdontologoService:46] Buscando la lista de Odontólogos
[2024-04-04 20:53:02] [ INFO ] [OdontologoService:46] Buscando la lista de Odontólogos
[2024-04-04 20:53:02] [ INFO ] [OdontologoService:46] Buscando la lista de Odontólogos
[2024-04-04 20:53:03] [ INFO ] [OdontologoService:46] Buscando la lista de Odontólogos
[2024-04-04 20:53:03] [ INFO ] [OdontologoService:46] Buscando la lista de Odontólogos
[2024-04-04 20:53:14] [ INFO ] [OdontologoService:27] Persistiendo un Odontólogo
[2024-04-04 20:53:14] [ INFO ] [OdontologoService:35] Guardado exitosamente
[2024-04-04 20:53:14] [ INFO ] [OdontologoService:27] Persistiendo un Odontólogo
[2024-04-04 20:53:14] [ ERROR] [OdontologoService:38] Un Odontólogo con la misma Matrícula ya se encontraba en la base de datos
[2024-04-04 20:53:15] [ INFO ] [OdontologoService:27] Persistiendo un Odontólogo
[2024-04-04 20:53:15] [ ERROR] [OdontologoService:38] Un Odontólogo con la misma Matrícula ya se encontraba en la base de datos
[2024-04-04 20:53:15] [ INFO ] [OdontologoService:27] Persistiendo un Odontólogo
[2024-04-04 20:53:15] [ ERROR] [OdontologoService:38] Un Odontólogo con la misma Matrícula ya se encontraba en la base de datos
[2024-04-04 20:53:16] [ INFO ] [OdontologoService:27] Persistiendo un Odontólogo
[2024-04-04 20:53:16] [ ERROR] [OdontologoService:38] Un Odontólogo con la misma Matrícula ya se encontraba en la base de datos
[2024-04-04 20:53:16] [ INFO ] [OdontologoService:27] Persistiendo un Odontólogo
[2024-04-04 20:53:16] [ ERROR] [OdontologoService:38] Un Odontólogo con la misma Matrícula ya se encontraba en la base de datos
[2024-04-04 20:53:17] [ INFO ] [OdontologoService:27] Persistiendo un Odontólogo
[2024-04-04 20:53:17] [ ERROR] [OdontologoService:38] Un Odontólogo con la misma Matrícula ya se encontraba en la base de datos
[2024-04-04 20:53:19] [ INFO ] [OdontologoService:46] Buscando la lista de Odontólogos
[2024-04-04 20:56:51] [ INFO ] [OdontologoService:46] Buscando la lista de Odontólogos
[2024-04-04 20:56:51] [ INFO ] [OdontologoService:46] Buscando la lista de Odontólogos
[2024-04-04 20:56:52] [ INFO ] [OdontologoService:46] Buscando la lista de Odontólogos
[2024-04-04 20:56:52] [ INFO ] [OdontologoService:46] Buscando la lista de Odontólogos
[2024-04-04 20:56:53] [ INFO ] [OdontologoService:46] Buscando la lista de Odontólogos
[2024-04-04 20:56:53] [ INFO ] [OdontologoService:46] Buscando la lista de Odontólogos
[2024-04-04 20:56:53] [ INFO ] [OdontologoService:46] Buscando la lista de Odontólogos
[2024-04-04 20:56:54] [ INFO ] [OdontologoService:46] Buscando la lista de Odontólogos
[2024-04-04 20:56:54] [ INFO ] [OdontologoService:46] Buscando la lista de Odontólogos
[2024-04-04 20:56:55] [ INFO ] [OdontologoService:46] Buscando la lista de Odontólogos
[2024-04-04 20:57:04] [ INFO ] [OdontologoService:27] Persistiendo un Odontólogo
[2024-04-04 20:57:04] [ INFO ] [OdontologoService:35] Guardado exitosamente
[2024-04-04 20:57:04] [ INFO ] [OdontologoService:27] Persistiendo un Odontólogo
[2024-04-04 20:57:04] [ ERROR] [OdontologoService:38] Un Odontólogo con la misma Matrícula ya se encontraba en la base de datos
[2024-04-04 20:57:05] [ INFO ] [OdontologoService:27] Persistiendo un Odontólogo
[2024-04-04 20:57:05] [ ERROR] [OdontologoService:38] Un Odontólogo con la misma Matrícula ya se encontraba en la base de datos
[2024-04-04 20:57:05] [ INFO ] [OdontologoService:27] Persistiendo un Odontólogo
[2024-04-04 20:57:05] [ ERROR] [OdontologoService:38] Un Odontólogo con la misma Matrícula ya se encontraba en la base de datos
[2024-04-04 20:57:06] [ INFO ] [OdontologoService:27] Persistiendo un Odontólogo
[2024-04-04 20:57:06] [ ERROR] [OdontologoService:38] Un Odontólogo con la misma Matrícula ya se encontraba en la base de datos
[2024-04-04 20:57:06] [ INFO ] [OdontologoService:27] Persistiendo un Odontólogo
[2024-04-04 20:57:06] [ ERROR] [OdontologoService:38] Un Odontólogo con la misma Matrícula ya se encontraba en la base de datos
[2024-04-04 20:57:06] [ INFO ] [OdontologoService:27] Persistiendo un Odontólogo
[2024-04-04 20:57:06] [ ERROR] [OdontologoService:38] Un Odontólogo con la misma Matrícula ya se encontraba en la base de datos
[2024-04-04 20:57:07] [ INFO ] [OdontologoService:27] Persistiendo un Odontólogo
[2024-04-04 20:57:07] [ ERROR] [OdontologoService:38] Un Odontólogo con la misma Matrícula ya se encontraba en la base de datos
[2024-04-04 20:57:07] [ INFO ] [OdontologoService:27] Persistiendo un Odontólogo
[2024-04-04 20:57:07] [ ERROR] [OdontologoService:38] Un Odontólogo con la misma Matrícula ya se encontraba en la base de datos
[2024-04-04 20:57:08] [ INFO ] [OdontologoService:46] Buscando la lista de Odontólogos
[2024-04-04 21:05:31] [ INFO ] [OdontologoService:52] Buscando el Odontólogo con id: 1
[2024-04-04 21:05:31] [ INFO ] [OdontologoService:84] Eliminando al Odontólogo con id: 1
[2024-04-04 21:05:31] [ INFO ] [OdontologoService:87] Odontólogo eliminado exitosamente
[2024-04-04 21:05:33] [ INFO ] [OdontologoService:52] Buscando el Odontólogo con id: 2
[2024-04-04 21:05:50] [ INFO ] [OdontologoService:52] Buscando el Odontólogo con id: 2
[2024-04-04 21:05:50] [ INFO ] [OdontologoService:64] Actualizando el Odontólogo con id: 2
[2024-04-04 21:05:50] [ INFO ] [OdontologoService:73] Actualizado exitosamente
[2024-04-04 21:05:51] [ INFO ] [OdontologoService:46] Buscando la lista de Odontólogos
[2024-04-04 21:25:05] [ INFO ] [OdontologoService:46] Buscando la lista de Odontólogos
[2024-04-04 21:25:19] [ INFO ] [OdontologoService:27] Persistiendo un Odontólogo
[2024-04-04 21:25:19] [ INFO ] [OdontologoService:35] Guardado exitosamente
[2024-04-04 21:25:19] [ INFO ] [OdontologoService:27] Persistiendo un Odontólogo
[2024-04-04 21:25:19] [ ERROR] [OdontologoService:38] Un Odontólogo con la misma Matrícula ya se encontraba en la base de datos
[2024-04-04 21:25:20] [ INFO ] [OdontologoService:27] Persistiendo un Odontólogo
[2024-04-04 21:25:20] [ ERROR] [OdontologoService:38] Un Odontólogo con la misma Matrícula ya se encontraba en la base de datos
[2024-04-04 21:25:20] [ INFO ] [OdontologoService:27] Persistiendo un Odontólogo
[2024-04-04 21:25:20] [ ERROR] [OdontologoService:38] Un Odontólogo con la misma Matrícula ya se encontraba en la base de datos
[2024-04-04 21:25:20] [ INFO ] [OdontologoService:27] Persistiendo un Odontólogo
[2024-04-04 21:25:20] [ ERROR] [OdontologoService:38] Un Odontólogo con la misma Matrícula ya se encontraba en la base de datos
[2024-04-04 21:25:21] [ INFO ] [OdontologoService:27] Persistiendo un Odontólogo
[2024-04-04 21:25:21] [ ERROR] [OdontologoService:38] Un Odontólogo con la misma Matrícula ya se encontraba en la base de datos
[2024-04-04 21:25:21] [ INFO ] [OdontologoService:27] Persistiendo un Odontólogo
[2024-04-04 21:25:21] [ ERROR] [OdontologoService:38] Un Odontólogo con la misma Matrícula ya se encontraba en la base de datos
[2024-04-04 21:25:21] [ INFO ] [OdontologoService:27] Persistiendo un Odontólogo
[2024-04-04 21:25:21] [ ERROR] [OdontologoService:38] Un Odontólogo con la misma Matrícula ya se encontraba en la base de datos
[2024-04-04 21:25:22] [ INFO ] [OdontologoService:46] Buscando la lista de Odontólogos
[2024-04-04 21:25:24] [ INFO ] [OdontologoService:52] Buscando el Odontólogo con id: 2
[2024-04-04 21:26:07] [ INFO ] [OdontologoService:46] Buscando la lista de Odontólogos
[2024-04-04 21:26:08] [ INFO ] [OdontologoService:46] Buscando la lista de Odontólogos
[2024-04-04 21:26:08] [ INFO ] [OdontologoService:46] Buscando la lista de Odontólogos
[2024-04-04 21:26:08] [ INFO ] [OdontologoService:46] Buscando la lista de Odontólogos
[2024-04-04 21:26:08] [ INFO ] [OdontologoService:46] Buscando la lista de Odontólogos
[2024-04-04 21:26:09] [ INFO ] [OdontologoService:46] Buscando la lista de Odontólogos
[2024-04-04 21:26:09] [ INFO ] [OdontologoService:46] Buscando la lista de Odontólogos
[2024-04-04 21:26:09] [ INFO ] [OdontologoService:46] Buscando la lista de Odontólogos
[2024-04-04 21:26:09] [ INFO ] [OdontologoService:46] Buscando la lista de Odontólogos
[2024-04-04 21:30:50] [ INFO ] [OdontologoService:46] Buscando la lista de Odontólogos
[2024-04-04 21:30:58] [ INFO ] [OdontologoService:27] Persistiendo un Odontólogo
[2024-04-04 21:30:58] [ INFO ] [OdontologoService:35] Guardado exitosamente
[2024-04-04 21:31:16] [ INFO ] [OdontologoService:46] Buscando la lista de Odontólogos
[2024-04-04 21:31:18] [ INFO ] [OdontologoService:46] Buscando la lista de Odontólogos
[2024-04-04 21:31:19] [ INFO ] [OdontologoService:46] Buscando la lista de Odontólogos
[2024-04-04 21:31:19] [ INFO ] [OdontologoService:46] Buscando la lista de Odontólogos
[2024-04-04 21:31:19] [ INFO ] [OdontologoService:46] Buscando la lista de Odontólogos
[2024-04-04 21:31:19] [ INFO ] [OdontologoService:46] Buscando la lista de Odontólogos
[2024-04-04 21:31:19] [ INFO ] [OdontologoService:46] Buscando la lista de Odontólogos
[2024-04-04 21:31:20] [ INFO ] [OdontologoService:46] Buscando la lista de Odontólogos
[2024-04-04 21:31:21] [ INFO ] [OdontologoService:46] Buscando la lista de Odontólogos
[2024-04-04 21:31:21] [ INFO ] [OdontologoService:46] Buscando la lista de Odontólogos
[2024-04-04 21:31:21] [ INFO ] [OdontologoService:46] Buscando la lista de Odontólogos
[2024-04-04 21:31:22] [ INFO ] [OdontologoService:46] Buscando la lista de Odontólogos
[2024-04-04 21:31:22] [ INFO ] [OdontologoService:46] Buscando la lista de Odontólogos
[2024-04-04 21:31:22] [ INFO ] [OdontologoService:46] Buscando la lista de Odontólogos
[2024-04-04 21:31:22] [ INFO ] [OdontologoService:46] Buscando la lista de Odontólogos
[2024-04-04 21:31:22] [ INFO ] [OdontologoService:46] Buscando la lista de Odontólogos
[2024-04-04 21:31:23] [ INFO ] [OdontologoService:46] Buscando la lista de Odontólogos
[2024-04-04 21:31:23] [ INFO ] [OdontologoService:46] Buscando la lista de Odontólogos
[2024-04-04 21:31:23] [ INFO ] [OdontologoService:46] Buscando la lista de Odontólogos
[2024-04-04 21:31:23] [ INFO ] [OdontologoService:46] Buscando la lista de Odontólogos
[2024-04-04 21:31:23] [ INFO ] [OdontologoService:46] Buscando la lista de Odontólogos
[2024-04-04 21:31:24] [ INFO ] [OdontologoService:46] Buscando la lista de Odontólogos
[2024-04-04 21:31:24] [ INFO ] [OdontologoService:46] Buscando la lista de Odontólogos
[2024-04-04 21:31:35] [ INFO ] [OdontologoService:27] Persistiendo un Odontólogo
[2024-04-04 21:31:35] [ INFO ] [OdontologoService:35] Guardado exitosamente
[2024-04-04 21:31:43] [ INFO ] [OdontologoService:46] Buscando la lista de Odontólogos
[2024-04-04 21:42:01] [ INFO ] [OdontologoService:46] Buscando la lista de Odontólogos
[2024-04-04 21:42:12] [ INFO ] [OdontologoService:27] Persistiendo un Odontólogo
[2024-04-04 21:42:12] [ INFO ] [OdontologoService:35] Guardado exitosamente
[2024-04-04 21:42:14] [ INFO ] [OdontologoService:46] Buscando la lista de Odontólogos
[2024-04-04 21:43:37] [ INFO ] [OdontologoService:46] Buscando la lista de Odontólogos
[2024-04-04 21:43:47] [ INFO ] [OdontologoService:27] Persistiendo un Odontólogo
[2024-04-04 21:43:47] [ INFO ] [OdontologoService:35] Guardado exitosamente
[2024-04-04 21:43:51] [ INFO ] [OdontologoService:46] Buscando la lista de Odontólogos
[2024-04-08 12:05:15] [ INFO ] [OdontologoService:46] Buscando la lista de Odontólogos
[2024-04-08 12:05:20] [ INFO ] [OdontologoService:27] Persistiendo un Odontólogo
[2024-04-08 12:05:20] [ INFO ] [OdontologoService:35] Guardado exitosamente
[2024-04-08 12:05:23] [ INFO ] [OdontologoService:46] Buscando la lista de Odontólogos
[2024-04-08 12:05:31] [ INFO ] [OdontologoService:52] Buscando el Odontólogo con id: 1
[2024-04-08 12:05:31] [ INFO ] [OdontologoService:84] Eliminando al Odontólogo con id: 1
[2024-04-08 12:05:31] [ INFO ] [OdontologoService:87] Odontólogo eliminado exitosamente
[2024-04-08 12:05:40] [ INFO ] [OdontologoService:27] Persistiendo un Odontólogo
[2024-04-08 12:05:40] [ INFO ] [OdontologoService:35] Guardado exitosamente
[2024-04-08 12:05:43] [ INFO ] [OdontologoService:46] Buscando la lista de Odontólogos
[2024-04-08 12:05:44] [ INFO ] [OdontologoService:52] Buscando el Odontólogo con id: 2
[2024-04-08 12:05:50] [ INFO ] [OdontologoService:52] Buscando el Odontólogo con id: 2
[2024-04-08 12:05:50] [ INFO ] [OdontologoService:64] Actualizando el Odontólogo con id: 2
[2024-04-08 12:05:50] [ INFO ] [OdontologoService:73] Actualizado exitosamente
[2024-04-08 12:05:50] [ INFO ] [OdontologoService:46] Buscando la lista de Odontólogos
[2024-04-08 12:17:38] [ INFO ] [OdontologoService:46] Buscando la lista de Odontólogos
[2024-04-08 12:17:45] [ INFO ] [OdontologoService:27] Persistiendo un Odontólogo
[2024-04-08 12:17:45] [ INFO ] [OdontologoService:35] Guardado exitosamente
[2024-04-08 12:17:58] [ INFO ] [OdontologoService:27] Persistiendo un Odontólogo
[2024-04-08 12:17:58] [ ERROR] [OdontologoService:38] Un Odontólogo con la misma Matrícula ya se encontraba en la base de datos
[2024-04-08 12:18:05] [ INFO ] [OdontologoService:46] Buscando la lista de Odontólogos
[2024-04-08 12:18:09] [ INFO ] [OdontologoService:46] Buscando la lista de Odontólogos
[2024-04-08 12:18:09] [ INFO ] [OdontologoService:46] Buscando la lista de Odontólogos
[2024-04-08 12:18:11] [ INFO ] [OdontologoService:52] Buscando el Odontólogo con id: 1
[2024-04-08 12:18:11] [ INFO ] [OdontologoService:84] Eliminando al Odontólogo con id: 1
[2024-04-08 12:18:11] [ INFO ] [OdontologoService:87] Odontólogo eliminado exitosamente
[2024-04-08 12:18:17] [ INFO ] [OdontologoService:27] Persistiendo un Odontólogo
[2024-04-08 12:18:17] [ INFO ] [OdontologoService:35] Guardado exitosamente
[2024-04-08 12:18:23] [ INFO ] [OdontologoService:27] Persistiendo un Odontólogo
[2024-04-08 12:18:23] [ ERROR] [OdontologoService:38] Un Odontólogo con la misma Matrícula ya se encontraba en la base de datos
[2024-04-08 12:18:29] [ INFO ] [OdontologoService:46] Buscando la lista de Odontólogos
[2024-04-08 12:19:34] [ INFO ] [OdontologoService:46] Buscando la lista de Odontólogos
[2024-04-08 12:19:40] [ INFO ] [OdontologoService:27] Persistiendo un Odontólogo
[2024-04-08 12:19:40] [ INFO ] [OdontologoService:35] Guardado exitosamente
[2024-04-08 12:19:43] [ INFO ] [OdontologoService:46] Buscando la lista de Odontólogos
[2024-04-08 12:56:25] [ INFO ] [OdontologoService:46] Buscando la lista de Odontólogos
[2024-04-08 12:56:33] [ INFO ] [OdontologoService:46] Buscando la lista de Odontólogos
[2024-04-08 12:56:43] [ INFO ] [OdontologoService:27] Persistiendo un Odontólogo
[2024-04-08 12:56:43] [ INFO ] [OdontologoService:35] Guardado exitosamente
[2024-04-08 12:56:44] [ INFO ] [OdontologoService:46] Buscando la lista de Odontólogos
[2024-04-08 12:56:49] [ INFO ] [OdontologoService:46] Buscando la lista de Odontólogos
[2024-04-08 12:56:55] [ INFO ] [OdontologoService:27] Persistiendo un Odontólogo
[2024-04-08 12:56:55] [ ERROR] [OdontologoService:38] Un Odontólogo con la misma Matrícula ya se encontraba en la base de datos
[2024-04-08 12:57:03] [ INFO ] [OdontologoService:27] Persistiendo un Odontólogo
[2024-04-08 12:57:03] [ ERROR] [OdontologoService:38] Un Odontólogo con la misma Matrícula ya se encontraba en la base de datos
[2024-04-08 12:57:06] [ INFO ] [OdontologoService:46] Buscando la lista de Odontólogos
[2024-04-08 12:57:15] [ INFO ] [OdontologoService:27] Persistiendo un Odontólogo
[2024-04-08 12:57:15] [ INFO ] [OdontologoService:35] Guardado exitosamente
[2024-04-08 12:57:17] [ INFO ] [OdontologoService:46] Buscando la lista de Odontólogos
[2024-04-08 12:57:26] [ INFO ] [OdontologoService:27] Persistiendo un Odontólogo
[2024-04-08 12:57:26] [ INFO ] [OdontologoService:35] Guardado exitosamente
[2024-04-08 12:57:28] [ INFO ] [OdontologoService:46] Buscando la lista de Odontólogos
[2024-04-08 13:00:25] [ INFO ] [OdontologoService:46] Buscando la lista de Odontólogos
[2024-04-08 13:00:39] [ INFO ] [OdontologoService:27] Persistiendo un Odontólogo
[2024-04-08 13:00:39] [ INFO ] [OdontologoService:35] Guardado exitosamente
[2024-04-08 13:00:41] [ INFO ] [OdontologoService:46] Buscando la lista de Odontólogos
[2024-04-08 13:00:48] [ INFO ] [OdontologoService:46] Buscando la lista de Odontólogos
[2024-04-08 13:00:53] [ INFO ] [OdontologoService:27] Persistiendo un Odontólogo
[2024-04-08 13:00:53] [ INFO ] [OdontologoService:35] Guardado exitosamente
[2024-04-08 13:00:54] [ INFO ] [OdontologoService:46] Buscando la lista de Odontólogos
[2024-04-08 13:01:01] [ INFO ] [OdontologoService:52] Buscando el Odontólogo con id: 1
[2024-04-08 13:01:01] [ INFO ] [OdontologoService:84] Eliminando al Odontólogo con id: 1
[2024-04-08 13:01:01] [ INFO ] [OdontologoService:87] Odontólogo eliminado exitosamente
[2024-04-08 13:01:02] [ INFO ] [OdontologoService:52] Buscando el Odontólogo con id: 2
[2024-04-08 13:01:15] [ INFO ] [OdontologoService:52] Buscando el Odontólogo con id: 2
[2024-04-08 13:01:15] [ INFO ] [OdontologoService:64] Actualizando el Odontólogo con id: 2
[2024-04-08 13:01:15] [ INFO ] [OdontologoService:73] Actualizado exitosamente
[2024-04-08 13:01:15] [ INFO ] [OdontologoService:46] Buscando la lista de Odontólogos
[2024-04-08 13:01:34] [ INFO ] [OdontologoService:27] Persistiendo un Odontólogo
[2024-04-08 13:01:34] [ INFO ] [OdontologoService:35] Guardado exitosamente
[2024-04-08 13:01:35] [ INFO ] [OdontologoService:46] Buscando la lista de Odontólogos
[2024-04-08 13:03:03] [ INFO ] [OdontologoService:46] Buscando la lista de Odontólogos
[2024-04-08 13:03:24] [ INFO ] [OdontologoService:46] Buscando la lista de Odontólogos
[2024-04-08 13:03:47] [ INFO ] [OdontologoService:46] Buscando la lista de Odontólogos
[2024-04-08 13:04:05] [ INFO ] [OdontologoService:27] Persistiendo un Odontólogo
[2024-04-08 13:04:05] [ INFO ] [OdontologoService:35] Guardado exitosamente
[2024-04-08 13:04:06] [ INFO ] [OdontologoService:46] Buscando la lista de Odontólogos
[2024-04-08 13:04:11] [ INFO ] [OdontologoService:52] Buscando el Odontólogo con id: 1
[2024-04-08 13:04:28] [ INFO ] [OdontologoService:52] Buscando el Odontólogo con id: 1
[2024-04-08 13:04:28] [ INFO ] [OdontologoService:64] Actualizando el Odontólogo con id: 1
[2024-04-08 13:04:28] [ INFO ] [OdontologoService:73] Actualizado exitosamente
[2024-04-08 13:04:28] [ INFO ] [OdontologoService:46] Buscando la lista de Odontólogos
[2024-04-08 13:04:39] [ INFO ] [OdontologoService:52] Buscando el Odontólogo con id: 1
[2024-04-08 13:04:39] [ INFO ] [OdontologoService:84] Eliminando al Odontólogo con id: 1
[2024-04-08 13:04:39] [ INFO ] [OdontologoService:87] Odontólogo eliminado exitosamente
[2024-04-08 13:05:48] [ INFO ] [OdontologoService:46] Buscando la lista de Odontólogos
[2024-04-08 13:06:01] [ INFO ] [OdontologoService:27] Persistiendo un Odontólogo
[2024-04-08 13:06:01] [ INFO ] [OdontologoService:35] Guardado exitosamente
[2024-04-08 13:06:02] [ INFO ] [OdontologoService:46] Buscando la lista de Odontólogos
[2024-04-08 13:06:05] [ INFO ] [OdontologoService:52] Buscando el Odontólogo con id: 2
[2024-04-08 13:06:23] [ INFO ] [OdontologoService:46] Buscando la lista de Odontólogos
[2024-04-08 13:06:41] [ INFO ] [OdontologoService:46] Buscando la lista de Odontólogos
[2024-04-08 13:08:10] [ INFO ] [OdontologoService:46] Buscando la lista de Odontólogos
[2024-04-08 13:08:36] [ INFO ] [OdontologoService:46] Buscando la lista de Odontólogos
[2024-04-08 13:08:48] [ INFO ] [OdontologoService:27] Persistiendo un Odontólogo
[2024-04-08 13:08:48] [ INFO ] [OdontologoService:35] Guardado exitosamente
[2024-04-08 13:08:49] [ INFO ] [OdontologoService:46] Buscando la lista de Odontólogos
[2024-04-08 13:08:53] [ INFO ] [OdontologoService:52] Buscando el Odontólogo con id: 1
[2024-04-08 13:08:56] [ INFO ] [OdontologoService:52] Buscando el Odontólogo con id: 1
[2024-04-08 13:09:08] [ INFO ] [OdontologoService:52] Buscando el Odontólogo con id: 1
[2024-04-08 13:09:08] [ INFO ] [OdontologoService:64] Actualizando el Odontólogo con id: 1
[2024-04-08 13:09:08] [ INFO ] [OdontologoService:73] Actualizado exitosamente
[2024-04-08 13:09:08] [ INFO ] [OdontologoService:46] Buscando la lista de Odontólogos
[2024-04-08 13:09:19] [ INFO ] [OdontologoService:52] Buscando el Odontólogo con id: 1
[2024-04-08 13:09:19] [ INFO ] [OdontologoService:84] Eliminando al Odontólogo con id: 1
[2024-04-08 13:09:19] [ INFO ] [OdontologoService:87] Odontólogo eliminado exitosamente
[2024-04-08 13:21:34] [ INFO ] [OdontologoService:27] Persistiendo un Odontólogo
[2024-04-08 13:21:34] [ INFO ] [OdontologoService:35] Guardado exitosamente
[2024-04-08 13:21:35] [ INFO ] [OdontologoService:46] Buscando la lista de Odontólogos
[2024-04-08 13:27:35] [ INFO ] [OdontologoService:46] Buscando la lista de Odontólogos
[2024-04-08 13:27:40] [ INFO ] [OdontologoService:27] Persistiendo un Odontólogo
[2024-04-08 13:27:40] [ INFO ] [OdontologoService:35] Guardado exitosamente
[2024-04-08 13:27:41] [ INFO ] [OdontologoService:46] Buscando la lista de Odontólogos
